<?xml version="1.0" encoding="UTF-8"?>
<testsuite name="com.narendra.inventory.ImsBackendApplicationTests" tests="1" skipped="1" failures="0" errors="0" timestamp="2021-02-16T06:42:28" hostname="USNODE108" time="0.0">
  <properties/>
  <testcase name="contextLoads" classname="com.narendra.inventory.ImsBackendApplicationTests" time="0.0">
    <skipped/>
  </testcase>
  <system-out><![CDATA[00:42:28.239 [Test worker] DEBUG org.springframework.test.context.junit4.SpringJUnit4ClassRunner - SpringJUnit4ClassRunner constructor called with [class com.narendra.inventory.ImsBackendApplicationTests]
00:42:28.253 [Test worker] DEBUG org.springframework.test.context.BootstrapUtils - Instantiating CacheAwareContextLoaderDelegate from class [org.springframework.test.context.cache.DefaultCacheAwareContextLoaderDelegate]
00:42:28.272 [Test worker] DEBUG org.springframework.test.context.BootstrapUtils - Instantiating BootstrapContext using constructor [public org.springframework.test.context.support.DefaultBootstrapContext(java.lang.Class,org.springframework.test.context.CacheAwareContextLoaderDelegate)]
00:42:28.302 [Test worker] DEBUG org.springframework.test.context.BootstrapUtils - Instantiating TestContextBootstrapper for test class [com.narendra.inventory.ImsBackendApplicationTests] from class [org.springframework.boot.test.context.SpringBootTestContextBootstrapper]
00:42:28.331 [Test worker] INFO org.springframework.boot.test.context.SpringBootTestContextBootstrapper - Neither @ContextConfiguration nor @ContextHierarchy found for test class [com.narendra.inventory.ImsBackendApplicationTests], using SpringBootContextLoader
00:42:28.337 [Test worker] DEBUG org.springframework.test.context.support.AbstractContextLoader - Did not detect default resource location for test class [com.narendra.inventory.ImsBackendApplicationTests]: class path resource [com/narendra/inventory/ImsBackendApplicationTests-context.xml] does not exist
00:42:28.338 [Test worker] DEBUG org.springframework.test.context.support.AbstractContextLoader - Did not detect default resource location for test class [com.narendra.inventory.ImsBackendApplicationTests]: class path resource [com/narendra/inventory/ImsBackendApplicationTestsContext.groovy] does not exist
00:42:28.338 [Test worker] INFO org.springframework.test.context.support.AbstractContextLoader - Could not detect default resource locations for test class [com.narendra.inventory.ImsBackendApplicationTests]: no resource found for suffixes {-context.xml, Context.groovy}.
00:42:28.340 [Test worker] INFO org.springframework.test.context.support.AnnotationConfigContextLoaderUtils - Could not detect default configuration classes for test class [com.narendra.inventory.ImsBackendApplicationTests]: ImsBackendApplicationTests does not declare any static, non-private, non-final, nested classes annotated with @Configuration.
00:42:28.412 [Test worker] DEBUG org.springframework.test.context.support.ActiveProfilesUtils - Could not find an 'annotation declaring class' for annotation type [org.springframework.test.context.ActiveProfiles] and class [com.narendra.inventory.ImsBackendApplicationTests]
00:42:28.530 [Test worker] DEBUG org.springframework.context.annotation.ClassPathScanningCandidateComponentProvider - Identified candidate component class: file [C:\Users\GSPANN Guest\Documents\Narendra\Mine\ims-service\build\classes\java\main\com\narendra\inventory\ImsBackendApplication.class]
00:42:28.533 [Test worker] INFO org.springframework.boot.test.context.SpringBootTestContextBootstrapper - Found @SpringBootConfiguration com.narendra.inventory.ImsBackendApplication for test class com.narendra.inventory.ImsBackendApplicationTests
00:42:28.718 [Test worker] DEBUG org.springframework.boot.test.context.SpringBootTestContextBootstrapper - @TestExecutionListeners is not present for class [com.narendra.inventory.ImsBackendApplicationTests]: using defaults.
00:42:28.720 [Test worker] INFO org.springframework.boot.test.context.SpringBootTestContextBootstrapper - Loaded default TestExecutionListener class names from location [META-INF/spring.factories]: [org.springframework.boot.test.autoconfigure.restdocs.RestDocsTestExecutionListener, org.springframework.boot.test.autoconfigure.web.client.MockRestServiceServerResetTestExecutionListener, org.springframework.boot.test.autoconfigure.web.servlet.MockMvcPrintOnlyOnFailureTestExecutionListener, org.springframework.boot.test.autoconfigure.web.servlet.WebDriverTestExecutionListener, org.springframework.boot.test.mock.mockito.MockitoTestExecutionListener, org.springframework.boot.test.mock.mockito.ResetMocksTestExecutionListener, org.springframework.test.context.web.ServletTestExecutionListener, org.springframework.test.context.support.DirtiesContextBeforeModesTestExecutionListener, org.springframework.test.context.support.DependencyInjectionTestExecutionListener, org.springframework.test.context.support.DirtiesContextTestExecutionListener, org.springframework.test.context.transaction.TransactionalTestExecutionListener, org.springframework.test.context.jdbc.SqlScriptsTestExecutionListener]
00:42:28.774 [Test worker] INFO org.springframework.boot.test.context.SpringBootTestContextBootstrapper - Using TestExecutionListeners: [org.springframework.test.context.web.ServletTestExecutionListener@68f238c3, org.springframework.test.context.support.DirtiesContextBeforeModesTestExecutionListener@1243958a, org.springframework.boot.test.mock.mockito.MockitoTestExecutionListener@33fc77e9, org.springframework.boot.test.autoconfigure.SpringBootDependencyInjectionTestExecutionListener@20d11955, org.springframework.test.context.support.DirtiesContextTestExecutionListener@599c19ac, org.springframework.test.context.transaction.TransactionalTestExecutionListener@577d28d0, org.springframework.test.context.jdbc.SqlScriptsTestExecutionListener@76e4ee9, org.springframework.boot.test.autoconfigure.restdocs.RestDocsTestExecutionListener@2f5df4e0, org.springframework.boot.test.autoconfigure.web.client.MockRestServiceServerResetTestExecutionListener@1635c9de, org.springframework.boot.test.autoconfigure.web.servlet.MockMvcPrintOnlyOnFailureTestExecutionListener@28304860, org.springframework.boot.test.autoconfigure.web.servlet.WebDriverTestExecutionListener@5ddc4289, org.springframework.boot.test.mock.mockito.ResetMocksTestExecutionListener@1d664726]
00:42:28.780 [Test worker] DEBUG org.springframework.test.annotation.ProfileValueUtils - Retrieved @ProfileValueSourceConfiguration [null] for test class [com.narendra.inventory.ImsBackendApplicationTests]
00:42:28.781 [Test worker] DEBUG org.springframework.test.annotation.ProfileValueUtils - Retrieved ProfileValueSource type [class org.springframework.test.annotation.SystemProfileValueSource] for class [com.narendra.inventory.ImsBackendApplicationTests]
00:42:28.781 [Test worker] DEBUG org.springframework.test.annotation.ProfileValueUtils - Retrieved @ProfileValueSourceConfiguration [null] for test class [com.narendra.inventory.ImsBackendApplicationTests]
00:42:28.783 [Test worker] DEBUG org.springframework.test.annotation.ProfileValueUtils - Retrieved ProfileValueSource type [class org.springframework.test.annotation.SystemProfileValueSource] for class [com.narendra.inventory.ImsBackendApplicationTests]
]]></system-out>
  <system-err><![CDATA[]]></system-err>
</testsuite>
